
Attaching package: ‘dplyr’

The following objects are masked from ‘package:stats’:

    filter, lag

The following objects are masked from ‘package:base’:

    intersect, setdiff, setequal, union


Attaching package: ‘data.table’

The following objects are masked from ‘package:dplyr’:

    between, first, last

[1] "INFO: 200"
[1] "INFO: 400"
[1] "INFO: 600"
[1] "INFO: 800"
[1] "INFO: 1000"
[1] "INFO: 1200"
[1] "INFO: 1400"
[1] "INFO: 1600"
[1] "INFO: 1800"
[1] "INFO: 2000"
[1] "INFO: 2200"
[1] "INFO: 2400"
[1] "INFO: 2600"
[1] "INFO: 2800"
[1] "INFO: 3000"
[1] "INFO: 3200"
[1] "INFO: 3400"
[1] "INFO: 3600"
[1] "INFO: 3800"
[1] "INFO: 4000"
[1] "INFO: 4200"
[1] "INFO: 4400"
[1] "INFO: 4600"
[1] "INFO: 4800"
[1] "INFO: 5000"
[1] "INFO: 5200"
[1] "INFO: 5400"
[1] "INFO: 5600"
There were 43 warnings (use warnings() to see them)
